<?xml version="1.0" encoding="UTF-8"?>
<!-- Generated by org.testng.reporters.JUnitReportReporter -->
<testsuite hostname="pradip" failures="0" tests="1" name="test.HomePageTest" time="15.159" errors="0" timestamp="2022-08-22T15:25:45 IST" skipped="0">
  <testcase classname="test.HomePageTest" name="searchAndClicOnMarketDepth" time="15.159"/>
  <system-out/>
</testsuite> <!-- test.HomePageTest -->
