<?xml version="1.0" encoding="UTF-8"?>
<!-- Generated by org.testng.reporters.JUnitReportReporter -->
<testsuite hostname="pradip" failures="0" tests="1" name="test.ZerodhaHomePageTest" time="8.927" errors="0" timestamp="2022-08-20T07:59:19 IST" skipped="0">
  <testcase classname="test.ZerodhaHomePageTest" name="searchStockTest" time="8.927"/>
  <system-out/>
</testsuite> <!-- test.ZerodhaHomePageTest -->
